INFO:     Will watch for changes in these directories: ['/Users/I074560/Downloads/experiments/parasara-hora-ai']
INFO:     Uvicorn running on http://127.0.0.1:8010 (Press CTRL+C to quit)
INFO:     Started reloader process [53726] using WatchFiles
INFO:     Started server process [53729]
INFO:     Waiting for application startup.
INFO:     Application startup complete.
INFO:     127.0.0.1:55638 - "POST /api/compute HTTP/1.1" 200 OK
INFO:     127.0.0.1:55838 - "POST /api/analyze HTTP/1.1" 200 OK
WARNING:  WatchFiles detected changes in 'backend/app/routers/analyze.py'. Reloading...
INFO:     Shutting down
INFO:     Waiting for application shutdown.
INFO:     Application shutdown complete.
INFO:     Finished server process [53729]
INFO:     Started server process [54360]
INFO:     Waiting for application startup.
INFO:     Application startup complete.
INFO:     127.0.0.1:56899 - "POST /api/compute HTTP/1.1" 200 OK
INFO:     127.0.0.1:56925 - "POST /api/analyze HTTP/1.1" 200 OK
WARNING:  WatchFiles detected changes in 'backend/app/routers/analyze.py'. Reloading...
INFO:     Shutting down
INFO:     Waiting for application shutdown.
INFO:     Application shutdown complete.
INFO:     Finished server process [54360]
INFO:     Started server process [54733]
INFO:     Waiting for application startup.
INFO:     Application startup complete.
INFO:     127.0.0.1:57710 - "POST /api/compute HTTP/1.1" 200 OK
INFO:     127.0.0.1:57732 - "POST /api/analyze HTTP/1.1" 500 Internal Server Error
ERROR:    Exception in ASGI application
Traceback (most recent call last):
  File "/Library/Frameworks/Python.framework/Versions/3.12/lib/python3.12/site-packages/uvicorn/protocols/http/h11_impl.py", line 403, in run_asgi
    result = await app(  # type: ignore[func-returns-value]
             ^^^^^^^^^^^^^^^^^^^^^^^^^^^^^^^^^^^^^^^^^^^^^^
  File "/Library/Frameworks/Python.framework/Versions/3.12/lib/python3.12/site-packages/uvicorn/middleware/proxy_headers.py", line 60, in __call__
    return await self.app(scope, receive, send)
           ^^^^^^^^^^^^^^^^^^^^^^^^^^^^^^^^^^^^
  File "/Library/Frameworks/Python.framework/Versions/3.12/lib/python3.12/site-packages/fastapi/applications.py", line 1054, in __call__
    await super().__call__(scope, receive, send)
  File "/Library/Frameworks/Python.framework/Versions/3.12/lib/python3.12/site-packages/starlette/applications.py", line 112, in __call__
    await self.middleware_stack(scope, receive, send)
  File "/Library/Frameworks/Python.framework/Versions/3.12/lib/python3.12/site-packages/starlette/middleware/errors.py", line 187, in __call__
    raise exc
  File "/Library/Frameworks/Python.framework/Versions/3.12/lib/python3.12/site-packages/starlette/middleware/errors.py", line 165, in __call__
    await self.app(scope, receive, _send)
  File "/Library/Frameworks/Python.framework/Versions/3.12/lib/python3.12/site-packages/starlette/middleware/cors.py", line 93, in __call__
    await self.simple_response(scope, receive, send, request_headers=headers)
  File "/Library/Frameworks/Python.framework/Versions/3.12/lib/python3.12/site-packages/starlette/middleware/cors.py", line 144, in simple_response
    await self.app(scope, receive, send)
  File "/Library/Frameworks/Python.framework/Versions/3.12/lib/python3.12/site-packages/starlette/middleware/exceptions.py", line 62, in __call__
    await wrap_app_handling_exceptions(self.app, conn)(scope, receive, send)
  File "/Library/Frameworks/Python.framework/Versions/3.12/lib/python3.12/site-packages/starlette/_exception_handler.py", line 53, in wrapped_app
    raise exc
  File "/Library/Frameworks/Python.framework/Versions/3.12/lib/python3.12/site-packages/starlette/_exception_handler.py", line 42, in wrapped_app
    await app(scope, receive, sender)
  File "/Library/Frameworks/Python.framework/Versions/3.12/lib/python3.12/site-packages/starlette/routing.py", line 714, in __call__
    await self.middleware_stack(scope, receive, send)
  File "/Library/Frameworks/Python.framework/Versions/3.12/lib/python3.12/site-packages/starlette/routing.py", line 734, in app
    await route.handle(scope, receive, send)
  File "/Library/Frameworks/Python.framework/Versions/3.12/lib/python3.12/site-packages/starlette/routing.py", line 288, in handle
    await self.app(scope, receive, send)
  File "/Library/Frameworks/Python.framework/Versions/3.12/lib/python3.12/site-packages/starlette/routing.py", line 76, in app
    await wrap_app_handling_exceptions(app, request)(scope, receive, send)
  File "/Library/Frameworks/Python.framework/Versions/3.12/lib/python3.12/site-packages/starlette/_exception_handler.py", line 53, in wrapped_app
    raise exc
  File "/Library/Frameworks/Python.framework/Versions/3.12/lib/python3.12/site-packages/starlette/_exception_handler.py", line 42, in wrapped_app
    await app(scope, receive, sender)
  File "/Library/Frameworks/Python.framework/Versions/3.12/lib/python3.12/site-packages/starlette/routing.py", line 73, in app
    response = await f(request)
               ^^^^^^^^^^^^^^^^
  File "/Library/Frameworks/Python.framework/Versions/3.12/lib/python3.12/site-packages/fastapi/routing.py", line 302, in app
    raw_response = await run_endpoint_function(
                   ^^^^^^^^^^^^^^^^^^^^^^^^^^^^
  File "/Library/Frameworks/Python.framework/Versions/3.12/lib/python3.12/site-packages/fastapi/routing.py", line 215, in run_endpoint_function
    return await run_in_threadpool(dependant.call, **values)
           ^^^^^^^^^^^^^^^^^^^^^^^^^^^^^^^^^^^^^^^^^^^^^^^^^
  File "/Library/Frameworks/Python.framework/Versions/3.12/lib/python3.12/site-packages/starlette/concurrency.py", line 37, in run_in_threadpool
    return await anyio.to_thread.run_sync(func)
           ^^^^^^^^^^^^^^^^^^^^^^^^^^^^^^^^^^^^
  File "/Users/I074560/Library/Python/3.12/lib/python/site-packages/anyio/to_thread.py", line 56, in run_sync
    return await get_async_backend().run_sync_in_worker_thread(
           ^^^^^^^^^^^^^^^^^^^^^^^^^^^^^^^^^^^^^^^^^^^^^^^^^^^^
  File "/Users/I074560/Library/Python/3.12/lib/python/site-packages/anyio/_backends/_asyncio.py", line 2470, in run_sync_in_worker_thread
    return await future
           ^^^^^^^^^^^^
  File "/Users/I074560/Library/Python/3.12/lib/python/site-packages/anyio/_backends/_asyncio.py", line 967, in run
    result = context.run(func, *args)
             ^^^^^^^^^^^^^^^^^^^^^^^^
  File "/Users/I074560/Downloads/experiments/parasara-hora-ai/backend/app/routers/analyze.py", line 89, in analyze
    f = _extract_facts(comp)
        ^^^^^^^^^^^^^^^^^^^^
  File "/Users/I074560/Downloads/experiments/parasara-hora-ai/backend/app/routers/analyze.py", line 41, in _extract_facts
    facts["datetime"] = f"{_safe_get(comp,'meta','birth','date','') } {_safe_get(comp,'meta','birth','time','')}{' '+_safe_get(comp,'meta','birth','timezone','') if _safe_get(comp,'meta','birth','timezone') else ''}".strip()
                                                                                                                 ~~~^~~~~~~~~~~~~~~~~~~~~~~~~~~~~~~~~~~~~~~~~~~~~
TypeError: can only concatenate str (not "NoneType") to str
WARNING:  WatchFiles detected changes in 'backend/app/routers/analyze.py'. Reloading...
INFO:     Shutting down
INFO:     Waiting for application shutdown.
INFO:     Application shutdown complete.
INFO:     Finished server process [54733]
INFO:     Started server process [54991]
INFO:     Waiting for application startup.
INFO:     Application startup complete.
INFO:     127.0.0.1:64484 - "POST /api/compute HTTP/1.1" 200 OK
INFO:     127.0.0.1:64507 - "POST /api/analyze HTTP/1.1" 200 OK
INFO:     127.0.0.1:64960 - "POST /api/chat HTTP/1.1" 200 OK
WARNING:  WatchFiles detected changes in 'backend/app/routers/analyze.py'. Reloading...
INFO:     Shutting down
INFO:     Waiting for application shutdown.
INFO:     Application shutdown complete.
INFO:     Finished server process [54991]
INFO:     Started server process [57506]
INFO:     Waiting for application startup.
INFO:     Application startup complete.
INFO:     127.0.0.1:65503 - "POST /api/compute HTTP/1.1" 200 OK
INFO:     127.0.0.1:65521 - "POST /api/analyze HTTP/1.1" 200 OK
WARNING:  WatchFiles detected changes in 'backend/app/routers/analyze.py'. Reloading...
INFO:     Shutting down
INFO:     Waiting for application shutdown.
INFO:     Application shutdown complete.
INFO:     Finished server process [57506]
INFO:     Started server process [57784]
INFO:     Waiting for application startup.
INFO:     Application startup complete.
WARNING:  WatchFiles detected changes in 'backend/app/routers/analyze.py'. Reloading...
INFO:     Shutting down
INFO:     Waiting for application shutdown.
INFO:     Application shutdown complete.
INFO:     Finished server process [57784]
INFO:     Started server process [57974]
INFO:     Waiting for application startup.
INFO:     Application startup complete.
INFO:     127.0.0.1:50022 - "POST /api/compute HTTP/1.1" 200 OK
INFO:     127.0.0.1:50057 - "POST /api/analyze HTTP/1.1" 200 OK
WARNING:  WatchFiles detected changes in 'backend/app/routers/analyze.py'. Reloading...
INFO:     Shutting down
INFO:     Waiting for application shutdown.
INFO:     Application shutdown complete.
INFO:     Finished server process [57974]
INFO:     Started server process [58540]
INFO:     Waiting for application startup.
INFO:     Application startup complete.
INFO:     127.0.0.1:51665 - "POST /api/compute HTTP/1.1" 200 OK
INFO:     127.0.0.1:51693 - "POST /api/analyze HTTP/1.1" 200 OK
WARNING:  WatchFiles detected changes in 'backend/app/routers/analyze.py'. Reloading...
INFO:     Shutting down
INFO:     Waiting for application shutdown.
INFO:     Application shutdown complete.
INFO:     Finished server process [58540]
INFO:     Started server process [59773]
INFO:     Waiting for application startup.
INFO:     Application startup complete.
INFO:     127.0.0.1:58019 - "POST /api/compute HTTP/1.1" 200 OK
INFO:     127.0.0.1:58140 - "POST /api/analyze HTTP/1.1" 200 OK
INFO:     127.0.0.1:59063 - "POST /api/chat HTTP/1.1" 200 OK
WARNING:  WatchFiles detected changes in 'backend/app/routers/compute.py'. Reloading...
INFO:     Shutting down
INFO:     Waiting for application shutdown.
INFO:     Application shutdown complete.
INFO:     Finished server process [59773]
INFO:     Started server process [60568]
INFO:     Waiting for application startup.
INFO:     Application startup complete.
INFO:     127.0.0.1:59826 - "POST /api/compute HTTP/1.1" 400 Bad Request
WARNING:  WatchFiles detected changes in 'backend/app/routers/geo.py'. Reloading...
INFO:     Shutting down
INFO:     Waiting for application shutdown.
INFO:     Application shutdown complete.
INFO:     Finished server process [60568]
INFO:     Started server process [60939]
INFO:     Waiting for application startup.
INFO:     Application startup complete.
WARNING:  WatchFiles detected changes in 'backend/app/main.py'. Reloading...
INFO:     Shutting down
INFO:     Waiting for application shutdown.
INFO:     Application shutdown complete.
INFO:     Finished server process [60939]
INFO:     Started server process [61017]
INFO:     Waiting for application startup.
INFO:     Application startup complete.
INFO:     127.0.0.1:60842 - "GET /api/geo/resolve?q=New%20Delhi%2C%20India HTTP/1.1" 400 Bad Request
WARNING:  WatchFiles detected changes in 'backend/app/utils/geo.py'. Reloading...
INFO:     Shutting down
INFO:     Waiting for application shutdown.
INFO:     Application shutdown complete.
INFO:     Finished server process [61017]
INFO:     Started server process [61514]
INFO:     Waiting for application startup.
INFO:     Application startup complete.
INFO:     127.0.0.1:61391 - "GET /api/geo/resolve?q=New%20Delhi%2C%20India HTTP/1.1" 400 Bad Request
WARNING:  WatchFiles detected changes in 'backend/app/utils/geo.py'. Reloading...
INFO:     Shutting down
INFO:     Waiting for application shutdown.
INFO:     Application shutdown complete.
INFO:     Finished server process [61514]
INFO:     Started server process [61822]
INFO:     Waiting for application startup.
INFO:     Application startup complete.
INFO:     127.0.0.1:61988 - "GET /api/geo/resolve?q=New%20Delhi%2C%20India HTTP/1.1" 200 OK
INFO:     127.0.0.1:62152 - "POST /api/compute HTTP/1.1" 200 OK
INFO:     127.0.0.1:62165 - "POST /api/analyze HTTP/1.1" 200 OK
INFO:     127.0.0.1:62253 - "POST /api/compute HTTP/1.1" 200 OK
INFO:     127.0.0.1:62323 - "POST /api/compute HTTP/1.1" 500 Internal Server Error
ERROR:    Exception in ASGI application
Traceback (most recent call last):
  File "/Library/Frameworks/Python.framework/Versions/3.12/lib/python3.12/site-packages/uvicorn/protocols/http/h11_impl.py", line 403, in run_asgi
    result = await app(  # type: ignore[func-returns-value]
             ^^^^^^^^^^^^^^^^^^^^^^^^^^^^^^^^^^^^^^^^^^^^^^
  File "/Library/Frameworks/Python.framework/Versions/3.12/lib/python3.12/site-packages/uvicorn/middleware/proxy_headers.py", line 60, in __call__
    return await self.app(scope, receive, send)
           ^^^^^^^^^^^^^^^^^^^^^^^^^^^^^^^^^^^^
  File "/Library/Frameworks/Python.framework/Versions/3.12/lib/python3.12/site-packages/fastapi/applications.py", line 1054, in __call__
    await super().__call__(scope, receive, send)
  File "/Library/Frameworks/Python.framework/Versions/3.12/lib/python3.12/site-packages/starlette/applications.py", line 112, in __call__
    await self.middleware_stack(scope, receive, send)
  File "/Library/Frameworks/Python.framework/Versions/3.12/lib/python3.12/site-packages/starlette/middleware/errors.py", line 187, in __call__
    raise exc
  File "/Library/Frameworks/Python.framework/Versions/3.12/lib/python3.12/site-packages/starlette/middleware/errors.py", line 165, in __call__
    await self.app(scope, receive, _send)
  File "/Library/Frameworks/Python.framework/Versions/3.12/lib/python3.12/site-packages/starlette/middleware/cors.py", line 93, in __call__
    await self.simple_response(scope, receive, send, request_headers=headers)
  File "/Library/Frameworks/Python.framework/Versions/3.12/lib/python3.12/site-packages/starlette/middleware/cors.py", line 144, in simple_response
    await self.app(scope, receive, send)
  File "/Library/Frameworks/Python.framework/Versions/3.12/lib/python3.12/site-packages/starlette/middleware/exceptions.py", line 62, in __call__
    await wrap_app_handling_exceptions(self.app, conn)(scope, receive, send)
  File "/Library/Frameworks/Python.framework/Versions/3.12/lib/python3.12/site-packages/starlette/_exception_handler.py", line 53, in wrapped_app
    raise exc
  File "/Library/Frameworks/Python.framework/Versions/3.12/lib/python3.12/site-packages/starlette/_exception_handler.py", line 42, in wrapped_app
    await app(scope, receive, sender)
  File "/Library/Frameworks/Python.framework/Versions/3.12/lib/python3.12/site-packages/starlette/routing.py", line 714, in __call__
    await self.middleware_stack(scope, receive, send)
  File "/Library/Frameworks/Python.framework/Versions/3.12/lib/python3.12/site-packages/starlette/routing.py", line 734, in app
    await route.handle(scope, receive, send)
  File "/Library/Frameworks/Python.framework/Versions/3.12/lib/python3.12/site-packages/starlette/routing.py", line 288, in handle
    await self.app(scope, receive, send)
  File "/Library/Frameworks/Python.framework/Versions/3.12/lib/python3.12/site-packages/starlette/routing.py", line 76, in app
    await wrap_app_handling_exceptions(app, request)(scope, receive, send)
  File "/Library/Frameworks/Python.framework/Versions/3.12/lib/python3.12/site-packages/starlette/_exception_handler.py", line 53, in wrapped_app
    raise exc
  File "/Library/Frameworks/Python.framework/Versions/3.12/lib/python3.12/site-packages/starlette/_exception_handler.py", line 42, in wrapped_app
    await app(scope, receive, sender)
  File "/Library/Frameworks/Python.framework/Versions/3.12/lib/python3.12/site-packages/starlette/routing.py", line 73, in app
    response = await f(request)
               ^^^^^^^^^^^^^^^^
  File "/Library/Frameworks/Python.framework/Versions/3.12/lib/python3.12/site-packages/fastapi/routing.py", line 302, in app
    raw_response = await run_endpoint_function(
                   ^^^^^^^^^^^^^^^^^^^^^^^^^^^^
  File "/Library/Frameworks/Python.framework/Versions/3.12/lib/python3.12/site-packages/fastapi/routing.py", line 215, in run_endpoint_function
    return await run_in_threadpool(dependant.call, **values)
           ^^^^^^^^^^^^^^^^^^^^^^^^^^^^^^^^^^^^^^^^^^^^^^^^^
  File "/Library/Frameworks/Python.framework/Versions/3.12/lib/python3.12/site-packages/starlette/concurrency.py", line 37, in run_in_threadpool
    return await anyio.to_thread.run_sync(func)
           ^^^^^^^^^^^^^^^^^^^^^^^^^^^^^^^^^^^^
  File "/Users/I074560/Library/Python/3.12/lib/python/site-packages/anyio/to_thread.py", line 56, in run_sync
    return await get_async_backend().run_sync_in_worker_thread(
           ^^^^^^^^^^^^^^^^^^^^^^^^^^^^^^^^^^^^^^^^^^^^^^^^^^^^
  File "/Users/I074560/Library/Python/3.12/lib/python/site-packages/anyio/_backends/_asyncio.py", line 2470, in run_sync_in_worker_thread
    return await future
           ^^^^^^^^^^^^
  File "/Users/I074560/Library/Python/3.12/lib/python/site-packages/anyio/_backends/_asyncio.py", line 967, in run
    result = context.run(func, *args)
             ^^^^^^^^^^^^^^^^^^^^^^^^
  File "/Users/I074560/Downloads/experiments/parasara-hora-ai/backend/app/routers/compute.py", line 47, in compute
    kundli = provider.kundli_advanced(b.coordinates(), b.iso_datetime(), ayanamsa=b.ayanamsa, la=b.la)
             ^^^^^^^^^^^^^^^^^^^^^^^^^^^^^^^^^^^^^^^^^^^^^^^^^^^^^^^^^^^^^^^^^^^^^^^^^^^^^^^^^^^^^^^^^
  File "/Users/I074560/Downloads/experiments/parasara-hora-ai/backend/app/providers/prokerala.py", line 70, in kundli_advanced
    return self.client.get(
           ^^^^^^^^^^^^^^^^
  File "/Users/I074560/Downloads/experiments/parasara-hora-ai/backend/app/providers/prokerala.py", line 46, in get
    r.raise_for_status()
  File "/Users/I074560/Library/Python/3.12/lib/python/site-packages/httpx/_models.py", line 829, in raise_for_status
    raise HTTPStatusError(message, request=request, response=self)
httpx.HTTPStatusError: Client error '403 Forbidden' for url 'https://api.prokerala.com/v2/astrology/kundli/advanced?coordinates=28.6138954%2C77.2090057&datetime=1973-01-13T12%3A00%3A00%2B05%3A30&ayanamsa=1&la=en'
For more information check: https://developer.mozilla.org/en-US/docs/Web/HTTP/Status/403
INFO:     127.0.0.1:62354 - "POST /api/compute HTTP/1.1" 500 Internal Server Error
ERROR:    Exception in ASGI application
Traceback (most recent call last):
  File "/Library/Frameworks/Python.framework/Versions/3.12/lib/python3.12/site-packages/uvicorn/protocols/http/h11_impl.py", line 403, in run_asgi
    result = await app(  # type: ignore[func-returns-value]
             ^^^^^^^^^^^^^^^^^^^^^^^^^^^^^^^^^^^^^^^^^^^^^^
  File "/Library/Frameworks/Python.framework/Versions/3.12/lib/python3.12/site-packages/uvicorn/middleware/proxy_headers.py", line 60, in __call__
    return await self.app(scope, receive, send)
           ^^^^^^^^^^^^^^^^^^^^^^^^^^^^^^^^^^^^
  File "/Library/Frameworks/Python.framework/Versions/3.12/lib/python3.12/site-packages/fastapi/applications.py", line 1054, in __call__
    await super().__call__(scope, receive, send)
  File "/Library/Frameworks/Python.framework/Versions/3.12/lib/python3.12/site-packages/starlette/applications.py", line 112, in __call__
    await self.middleware_stack(scope, receive, send)
  File "/Library/Frameworks/Python.framework/Versions/3.12/lib/python3.12/site-packages/starlette/middleware/errors.py", line 187, in __call__
    raise exc
  File "/Library/Frameworks/Python.framework/Versions/3.12/lib/python3.12/site-packages/starlette/middleware/errors.py", line 165, in __call__
    await self.app(scope, receive, _send)
  File "/Library/Frameworks/Python.framework/Versions/3.12/lib/python3.12/site-packages/starlette/middleware/cors.py", line 93, in __call__
    await self.simple_response(scope, receive, send, request_headers=headers)
  File "/Library/Frameworks/Python.framework/Versions/3.12/lib/python3.12/site-packages/starlette/middleware/cors.py", line 144, in simple_response
    await self.app(scope, receive, send)
  File "/Library/Frameworks/Python.framework/Versions/3.12/lib/python3.12/site-packages/starlette/middleware/exceptions.py", line 62, in __call__
    await wrap_app_handling_exceptions(self.app, conn)(scope, receive, send)
  File "/Library/Frameworks/Python.framework/Versions/3.12/lib/python3.12/site-packages/starlette/_exception_handler.py", line 53, in wrapped_app
    raise exc
  File "/Library/Frameworks/Python.framework/Versions/3.12/lib/python3.12/site-packages/starlette/_exception_handler.py", line 42, in wrapped_app
    await app(scope, receive, sender)
  File "/Library/Frameworks/Python.framework/Versions/3.12/lib/python3.12/site-packages/starlette/routing.py", line 714, in __call__
    await self.middleware_stack(scope, receive, send)
  File "/Library/Frameworks/Python.framework/Versions/3.12/lib/python3.12/site-packages/starlette/routing.py", line 734, in app
    await route.handle(scope, receive, send)
  File "/Library/Frameworks/Python.framework/Versions/3.12/lib/python3.12/site-packages/starlette/routing.py", line 288, in handle
    await self.app(scope, receive, send)
  File "/Library/Frameworks/Python.framework/Versions/3.12/lib/python3.12/site-packages/starlette/routing.py", line 76, in app
    await wrap_app_handling_exceptions(app, request)(scope, receive, send)
  File "/Library/Frameworks/Python.framework/Versions/3.12/lib/python3.12/site-packages/starlette/_exception_handler.py", line 53, in wrapped_app
    raise exc
  File "/Library/Frameworks/Python.framework/Versions/3.12/lib/python3.12/site-packages/starlette/_exception_handler.py", line 42, in wrapped_app
    await app(scope, receive, sender)
  File "/Library/Frameworks/Python.framework/Versions/3.12/lib/python3.12/site-packages/starlette/routing.py", line 73, in app
    response = await f(request)
               ^^^^^^^^^^^^^^^^
  File "/Library/Frameworks/Python.framework/Versions/3.12/lib/python3.12/site-packages/fastapi/routing.py", line 302, in app
    raw_response = await run_endpoint_function(
                   ^^^^^^^^^^^^^^^^^^^^^^^^^^^^
  File "/Library/Frameworks/Python.framework/Versions/3.12/lib/python3.12/site-packages/fastapi/routing.py", line 215, in run_endpoint_function
    return await run_in_threadpool(dependant.call, **values)
           ^^^^^^^^^^^^^^^^^^^^^^^^^^^^^^^^^^^^^^^^^^^^^^^^^
  File "/Library/Frameworks/Python.framework/Versions/3.12/lib/python3.12/site-packages/starlette/concurrency.py", line 37, in run_in_threadpool
    return await anyio.to_thread.run_sync(func)
           ^^^^^^^^^^^^^^^^^^^^^^^^^^^^^^^^^^^^
  File "/Users/I074560/Library/Python/3.12/lib/python/site-packages/anyio/to_thread.py", line 56, in run_sync
    return await get_async_backend().run_sync_in_worker_thread(
           ^^^^^^^^^^^^^^^^^^^^^^^^^^^^^^^^^^^^^^^^^^^^^^^^^^^^
  File "/Users/I074560/Library/Python/3.12/lib/python/site-packages/anyio/_backends/_asyncio.py", line 2470, in run_sync_in_worker_thread
    return await future
           ^^^^^^^^^^^^
  File "/Users/I074560/Library/Python/3.12/lib/python/site-packages/anyio/_backends/_asyncio.py", line 967, in run
    result = context.run(func, *args)
             ^^^^^^^^^^^^^^^^^^^^^^^^
  File "/Users/I074560/Downloads/experiments/parasara-hora-ai/backend/app/routers/compute.py", line 47, in compute
    kundli = provider.kundli_advanced(b.coordinates(), b.iso_datetime(), ayanamsa=b.ayanamsa, la=b.la)
             ^^^^^^^^^^^^^^^^^^^^^^^^^^^^^^^^^^^^^^^^^^^^^^^^^^^^^^^^^^^^^^^^^^^^^^^^^^^^^^^^^^^^^^^^^
  File "/Users/I074560/Downloads/experiments/parasara-hora-ai/backend/app/providers/prokerala.py", line 70, in kundli_advanced
    return self.client.get(
           ^^^^^^^^^^^^^^^^
  File "/Users/I074560/Downloads/experiments/parasara-hora-ai/backend/app/providers/prokerala.py", line 46, in get
    r.raise_for_status()
  File "/Users/I074560/Library/Python/3.12/lib/python/site-packages/httpx/_models.py", line 829, in raise_for_status
    raise HTTPStatusError(message, request=request, response=self)
httpx.HTTPStatusError: Client error '403 Forbidden' for url 'https://api.prokerala.com/v2/astrology/kundli/advanced?coordinates=28.6138954%2C77.2090057&datetime=1973-01-13T12%3A00%3A00%2B05%3A30&ayanamsa=1&la=en'
For more information check: https://developer.mozilla.org/en-US/docs/Web/HTTP/Status/403
INFO:     127.0.0.1:62381 - "POST /api/compute HTTP/1.1" 500 Internal Server Error
ERROR:    Exception in ASGI application
Traceback (most recent call last):
  File "/Library/Frameworks/Python.framework/Versions/3.12/lib/python3.12/site-packages/uvicorn/protocols/http/h11_impl.py", line 403, in run_asgi
    result = await app(  # type: ignore[func-returns-value]
             ^^^^^^^^^^^^^^^^^^^^^^^^^^^^^^^^^^^^^^^^^^^^^^
  File "/Library/Frameworks/Python.framework/Versions/3.12/lib/python3.12/site-packages/uvicorn/middleware/proxy_headers.py", line 60, in __call__
    return await self.app(scope, receive, send)
           ^^^^^^^^^^^^^^^^^^^^^^^^^^^^^^^^^^^^
  File "/Library/Frameworks/Python.framework/Versions/3.12/lib/python3.12/site-packages/fastapi/applications.py", line 1054, in __call__
    await super().__call__(scope, receive, send)
  File "/Library/Frameworks/Python.framework/Versions/3.12/lib/python3.12/site-packages/starlette/applications.py", line 112, in __call__
    await self.middleware_stack(scope, receive, send)
  File "/Library/Frameworks/Python.framework/Versions/3.12/lib/python3.12/site-packages/starlette/middleware/errors.py", line 187, in __call__
    raise exc
  File "/Library/Frameworks/Python.framework/Versions/3.12/lib/python3.12/site-packages/starlette/middleware/errors.py", line 165, in __call__
    await self.app(scope, receive, _send)
  File "/Library/Frameworks/Python.framework/Versions/3.12/lib/python3.12/site-packages/starlette/middleware/cors.py", line 93, in __call__
    await self.simple_response(scope, receive, send, request_headers=headers)
  File "/Library/Frameworks/Python.framework/Versions/3.12/lib/python3.12/site-packages/starlette/middleware/cors.py", line 144, in simple_response
    await self.app(scope, receive, send)
  File "/Library/Frameworks/Python.framework/Versions/3.12/lib/python3.12/site-packages/starlette/middleware/exceptions.py", line 62, in __call__
    await wrap_app_handling_exceptions(self.app, conn)(scope, receive, send)
  File "/Library/Frameworks/Python.framework/Versions/3.12/lib/python3.12/site-packages/starlette/_exception_handler.py", line 53, in wrapped_app
    raise exc
  File "/Library/Frameworks/Python.framework/Versions/3.12/lib/python3.12/site-packages/starlette/_exception_handler.py", line 42, in wrapped_app
    await app(scope, receive, sender)
  File "/Library/Frameworks/Python.framework/Versions/3.12/lib/python3.12/site-packages/starlette/routing.py", line 714, in __call__
    await self.middleware_stack(scope, receive, send)
  File "/Library/Frameworks/Python.framework/Versions/3.12/lib/python3.12/site-packages/starlette/routing.py", line 734, in app
    await route.handle(scope, receive, send)
  File "/Library/Frameworks/Python.framework/Versions/3.12/lib/python3.12/site-packages/starlette/routing.py", line 288, in handle
    await self.app(scope, receive, send)
  File "/Library/Frameworks/Python.framework/Versions/3.12/lib/python3.12/site-packages/starlette/routing.py", line 76, in app
    await wrap_app_handling_exceptions(app, request)(scope, receive, send)
  File "/Library/Frameworks/Python.framework/Versions/3.12/lib/python3.12/site-packages/starlette/_exception_handler.py", line 53, in wrapped_app
    raise exc
  File "/Library/Frameworks/Python.framework/Versions/3.12/lib/python3.12/site-packages/starlette/_exception_handler.py", line 42, in wrapped_app
    await app(scope, receive, sender)
  File "/Library/Frameworks/Python.framework/Versions/3.12/lib/python3.12/site-packages/starlette/routing.py", line 73, in app
    response = await f(request)
               ^^^^^^^^^^^^^^^^
  File "/Library/Frameworks/Python.framework/Versions/3.12/lib/python3.12/site-packages/fastapi/routing.py", line 302, in app
    raw_response = await run_endpoint_function(
                   ^^^^^^^^^^^^^^^^^^^^^^^^^^^^
  File "/Library/Frameworks/Python.framework/Versions/3.12/lib/python3.12/site-packages/fastapi/routing.py", line 215, in run_endpoint_function
    return await run_in_threadpool(dependant.call, **values)
           ^^^^^^^^^^^^^^^^^^^^^^^^^^^^^^^^^^^^^^^^^^^^^^^^^
  File "/Library/Frameworks/Python.framework/Versions/3.12/lib/python3.12/site-packages/starlette/concurrency.py", line 37, in run_in_threadpool
    return await anyio.to_thread.run_sync(func)
           ^^^^^^^^^^^^^^^^^^^^^^^^^^^^^^^^^^^^
  File "/Users/I074560/Library/Python/3.12/lib/python/site-packages/anyio/to_thread.py", line 56, in run_sync
    return await get_async_backend().run_sync_in_worker_thread(
           ^^^^^^^^^^^^^^^^^^^^^^^^^^^^^^^^^^^^^^^^^^^^^^^^^^^^
  File "/Users/I074560/Library/Python/3.12/lib/python/site-packages/anyio/_backends/_asyncio.py", line 2470, in run_sync_in_worker_thread
    return await future
           ^^^^^^^^^^^^
  File "/Users/I074560/Library/Python/3.12/lib/python/site-packages/anyio/_backends/_asyncio.py", line 967, in run
    result = context.run(func, *args)
             ^^^^^^^^^^^^^^^^^^^^^^^^
  File "/Users/I074560/Downloads/experiments/parasara-hora-ai/backend/app/routers/compute.py", line 47, in compute
    kundli = provider.kundli_advanced(b.coordinates(), b.iso_datetime(), ayanamsa=b.ayanamsa, la=b.la)
             ^^^^^^^^^^^^^^^^^^^^^^^^^^^^^^^^^^^^^^^^^^^^^^^^^^^^^^^^^^^^^^^^^^^^^^^^^^^^^^^^^^^^^^^^^
  File "/Users/I074560/Downloads/experiments/parasara-hora-ai/backend/app/providers/prokerala.py", line 70, in kundli_advanced
    return self.client.get(
           ^^^^^^^^^^^^^^^^
  File "/Users/I074560/Downloads/experiments/parasara-hora-ai/backend/app/providers/prokerala.py", line 46, in get
    r.raise_for_status()
  File "/Users/I074560/Library/Python/3.12/lib/python/site-packages/httpx/_models.py", line 829, in raise_for_status
    raise HTTPStatusError(message, request=request, response=self)
httpx.HTTPStatusError: Client error '403 Forbidden' for url 'https://api.prokerala.com/v2/astrology/kundli/advanced?coordinates=28.6138954%2C77.2090057&datetime=1973-01-13T12%3A00%3A00%2B05%3A30&ayanamsa=1&la=en'
For more information check: https://developer.mozilla.org/en-US/docs/Web/HTTP/Status/403
INFO:     127.0.0.1:63785 - "POST /api/chat HTTP/1.1" 200 OK
INFO:     127.0.0.1:64008 - "GET /api/geo/resolve?q=New%20Delhi%2C%20India HTTP/1.1" 200 OK
INFO:     127.0.0.1:64060 - "GET /api/geo/resolve?q=Kolkata HTTP/1.1" 200 OK
INFO:     127.0.0.1:64080 - "GET /api/geo/resolve?q=Kolkata%2C%20Indi HTTP/1.1" 200 OK
INFO:     127.0.0.1:64093 - "GET /api/geo/resolve?q=Kolkata%2C%20India HTTP/1.1" 200 OK
INFO:     127.0.0.1:64562 - "GET /api/geo/resolve?q=New%20Delhi%2C%20India HTTP/1.1" 200 OK
INFO:     127.0.0.1:65064 - "GET /api/geo/resolve?q=New%20Delhi%2C%20India HTTP/1.1" 200 OK
WARNING:  WatchFiles detected changes in 'backend/app/utils/geo.py'. Reloading...
INFO:     Shutting down
INFO:     Waiting for application shutdown.
INFO:     Application shutdown complete.
INFO:     Finished server process [61822]
INFO:     Started server process [63349]
INFO:     Waiting for application startup.
INFO:     Application startup complete.
INFO:     127.0.0.1:65392 - "GET /api/geo/resolve?q=New%20Delhi%2C%20India HTTP/1.1" 200 OK
INFO:     127.0.0.1:49240 - "GET /api/geo/resolve?q=New%20Delhi,%20India HTTP/1.1" 200 OK
INFO:     127.0.0.1:50110 - "GET /api/geo/resolve?q=New%20Delhi%2C%20India HTTP/1.1" 200 OK
INFO:     127.0.0.1:50511 - "GET /api/geo/resolve?q=New%20Delhi%2C%20India HTTP/1.1" 200 OK
INFO:     127.0.0.1:50514 - "POST /api/compute HTTP/1.1" 200 OK
INFO:     127.0.0.1:50527 - "POST /api/analyze HTTP/1.1" 200 OK
INFO:     127.0.0.1:50702 - "POST /api/compute HTTP/1.1" 200 OK
INFO:     127.0.0.1:50728 - "POST /api/compute HTTP/1.1" 200 OK
WARNING:  WatchFiles detected changes in 'backend/app/routers/shadbala.py'. Reloading...
INFO:     Shutting down
INFO:     Waiting for application shutdown.
INFO:     Application shutdown complete.
INFO:     Finished server process [63349]
INFO:     Started server process [64353]
INFO:     Waiting for application startup.
INFO:     Application startup complete.
INFO:     127.0.0.1:51131 - "GET /api/geo/resolve?q=New%20Delhi%2C%20India HTTP/1.1" 200 OK
INFO:     127.0.0.1:51176 - "POST /api/compute HTTP/1.1" 200 OK
INFO:     127.0.0.1:51190 - "POST /api/analyze HTTP/1.1" 200 OK
WARNING:  WatchFiles detected changes in 'backend/app/providers/prokerala.py'. Reloading...
INFO:     Shutting down
INFO:     Waiting for application shutdown.
INFO:     Application shutdown complete.
INFO:     Finished server process [64353]
INFO:     Started server process [65038]
INFO:     Waiting for application startup.
INFO:     Application startup complete.
WARNING:  WatchFiles detected changes in 'backend/app/routers/compute.py'. Reloading...
INFO:     Shutting down
INFO:     Waiting for application shutdown.
INFO:     Application shutdown complete.
INFO:     Finished server process [65038]
INFO:     Started server process [65107]
INFO:     Waiting for application startup.
INFO:     Application startup complete.
INFO:     127.0.0.1:52705 - "GET /api/geo/resolve?q=New%20Delhi%2C%20India HTTP/1.1" 200 OK
INFO:     127.0.0.1:52812 - "POST /api/compute HTTP/1.1" 200 OK
INFO:     127.0.0.1:52824 - "POST /api/shadbala/json HTTP/1.1" 502 Bad Gateway
INFO:     127.0.0.1:52828 - "POST /api/analyze HTTP/1.1" 200 OK
INFO:     127.0.0.1:52882 - "POST /api/shadbala/pdf HTTP/1.1" 502 Bad Gateway
