
> parasara-hora-ai@0.0.0 dev
> vite --host --strictPort=false


  VITE v6.4.1  ready in 359 ms

  ➜  Local:   http://localhost:3003/
  ➜  Network: http://192.168.1.2:3003/
12:00:03 pm [vite] (client) hmr update /App.tsx
12:05:45 pm [vite] (client) hmr update /App.tsx
12:09:25 pm [vite] (client) hmr update /App.tsx
12:15:23 pm [vite] (client) hmr update /components/ChartVisual.tsx
12:15:29 pm [vite] (client) hmr update /App.tsx
12:19:03 pm [vite] (client) hmr update /App.tsx
12:19:08 pm [vite] (client) hmr update /App.tsx
2:13:03 pm [vite] (client) hmr update /App.tsx
2:23:47 pm [vite] (client) hmr update /App.tsx
2:25:48 pm [vite] (client) hmr update /App.tsx
2:33:55 pm [vite] (client) hmr update /App.tsx
2:40:11 pm [vite] (client) hmr update /App.tsx
2:40:37 pm [vite] (client) hmr update /App.tsx
2:40:44 pm [vite] (client) hmr update /App.tsx
2:41:16 pm [vite] (client) hmr update /components/ChartVisual.tsx
2:43:49 pm [vite] vite.config.ts changed, restarting server...
2:43:49 pm [vite] server restarted.
2:48:58 pm [vite] (client) page reload index.html
2:49:00 pm [vite] vite.config.ts changed, restarting server...
2:49:01 pm [vite] server restarted.
3:40:31 pm [vite] (client) hmr update /App.tsx
3:40:36 pm [vite] (client) hmr update /App.tsx
3:48:06 pm [vite] (client) hmr update /App.tsx
3:48:10 pm [vite] (client) hmr update /App.tsx
3:49:32 pm [vite] vite.config.ts changed, restarting server...
3:49:32 pm [vite] server restarted.
5:03:42 pm [vite] (client) page reload index.html
